{
  "RSpec": {
    "coverage": {
      "/mnt/d/SOA/PortfolioAdvisor/app-PortfolioAdvisor/init.rb": {
        "lines": [
          null,
          null,
          1,
          2,
          null
        ]
      },
      "/mnt/d/SOA/PortfolioAdvisor/app-PortfolioAdvisor/config/init.rb": {
        "lines": [
          null,
          null,
          1
        ]
      },
      "/mnt/d/SOA/PortfolioAdvisor/app-PortfolioAdvisor/config/environment.rb": {
        "lines": [
          null,
          null,
          1,
          1,
          1,
          1,
          null,
          1,
          null,
          1,
          1,
          null,
          null,
          1,
          null,
          null,
          null,
          1,
          1,
          null,
          1,
          null,
          1,
          1,
          null,
          null,
          null
        ]
      },
      "/mnt/d/SOA/PortfolioAdvisor/app-PortfolioAdvisor/app/init.rb": {
        "lines": [
          null,
          null,
          1,
          3,
          null
        ]
      },
      "/mnt/d/SOA/PortfolioAdvisor/app-PortfolioAdvisor/app/infrastructure/init.rb": {
        "lines": [
          null,
          null,
          1,
          3,
          null
        ]
      },
      "/mnt/d/SOA/PortfolioAdvisor/app-PortfolioAdvisor/app/infrastructure/list_request.rb": {
        "lines": [
          null,
          null,
          1,
          1,
          1,
          null,
          1,
          1,
          1,
          null,
          1,
          1,
          null,
          null,
          1,
          0,
          null,
          null,
          null,
          1,
          0,
          null,
          null,
          null,
          null,
          null
        ]
      },
      "/mnt/d/SOA/PortfolioAdvisor/app-PortfolioAdvisor/app/infrastructure/portfolio_advisor_api.rb": {
        "lines": [
          null,
          null,
          1,
          1,
          null,
          1,
          1,
          null,
          1,
          1,
          0,
          0,
          null,
          null,
          1,
          0,
          null,
          null,
          1,
          0,
          null,
          null,
          1,
          0,
          null,
          null,
          null,
          null,
          1,
          0,
          null,
          null,
          1,
          0,
          null,
          null,
          null,
          1,
          1,
          0,
          0,
          null,
          null,
          1,
          0,
          null,
          null,
          1,
          0,
          null,
          null,
          null,
          1,
          0,
          null,
          null,
          1,
          0,
          null,
          null,
          1,
          0,
          null,
          null,
          1,
          null,
          1,
          0,
          0,
          null,
          null,
          1,
          0,
          0,
          0,
          0,
          null,
          0,
          null,
          null,
          null,
          null,
          1,
          1,
          null,
          1,
          null,
          1,
          0,
          null,
          null,
          1,
          0,
          null,
          null,
          1,
          0,
          null,
          null,
          null,
          null,
          null
        ]
      },
      "/mnt/d/SOA/PortfolioAdvisor/app-PortfolioAdvisor/app/presentation/init.rb": {
        "lines": [
          null,
          null,
          1,
          1,
          1,
          null
        ]
      },
      "/mnt/d/SOA/PortfolioAdvisor/app-PortfolioAdvisor/app/presentation/view_objects/init.rb": {
        "lines": [
          null,
          null,
          1,
          5,
          null
        ]
      },
      "/mnt/d/SOA/PortfolioAdvisor/app-PortfolioAdvisor/app/presentation/view_objects/histories_list.rb": {
        "lines": [
          null,
          null,
          1,
          null,
          1,
          null,
          1,
          1,
          0,
          0,
          null,
          null,
          1,
          null,
          1,
          0,
          null,
          null,
          1,
          0,
          null,
          null,
          null
        ]
      },
      "/mnt/d/SOA/PortfolioAdvisor/app-PortfolioAdvisor/app/presentation/view_objects/history.rb": {
        "lines": [
          null,
          null,
          1,
          null,
          1,
          1,
          0,
          null,
          null,
          1,
          0,
          null,
          null,
          1,
          0,
          null,
          null,
          1,
          0,
          null,
          null,
          null
        ]
      },
      "/mnt/d/SOA/PortfolioAdvisor/app-PortfolioAdvisor/app/presentation/view_objects/target.rb": {
        "lines": [
          null,
          null,
          1,
          null,
          1,
          1,
          0,
          0,
          null,
          null,
          1,
          0,
          null,
          null,
          1,
          0,
          null,
          null,
          1,
          0,
          null,
          null,
          1,
          0,
          null,
          null,
          1,
          0,
          null,
          null,
          1,
          0,
          null,
          null,
          null
        ]
      },
      "/mnt/d/SOA/PortfolioAdvisor/app-PortfolioAdvisor/app/presentation/view_objects/targets_list.rb": {
        "lines": [
          null,
          null,
          1,
          null,
          1,
          null,
          1,
          1,
          0,
          null,
          null,
          1,
          0,
          null,
          null,
          1,
          0,
          null,
          null,
          null
        ]
      },
      "/mnt/d/SOA/PortfolioAdvisor/app-PortfolioAdvisor/app/application/init.rb": {
        "lines": [
          null,
          null,
          1,
          1,
          4,
          null
        ]
      },
      "/mnt/d/SOA/PortfolioAdvisor/app-PortfolioAdvisor/app/application/forms/init.rb": {
        "lines": [
          null,
          null,
          1,
          2,
          null
        ]
      },
      "/mnt/d/SOA/PortfolioAdvisor/app-PortfolioAdvisor/app/application/forms/new_target.rb": {
        "lines": [
          null,
          null,
          1,
          1,
          null,
          1,
          1,
          null,
          1,
          1,
          1,
          1,
          1,
          null,
          null,
          1,
          0,
          null,
          null,
          null,
          null
        ]
      },
      "/mnt/d/SOA/PortfolioAdvisor/app-PortfolioAdvisor/app/application/representers/init.rb": {
        "lines": [
          null,
          null,
          1,
          8,
          null
        ]
      },
      "/mnt/d/SOA/PortfolioAdvisor/app-PortfolioAdvisor/app/application/representers/article_representer.rb": {
        "lines": [
          null,
          null,
          1,
          1,
          null,
          1,
          1,
          1,
          1,
          null,
          1,
          1,
          1,
          1,
          null,
          null,
          null
        ]
      },
      "/mnt/d/SOA/PortfolioAdvisor/app-PortfolioAdvisor/app/application/representers/histories_representer.rb": {
        "lines": [
          null,
          null,
          1,
          1,
          null,
          1,
          1,
          null,
          1,
          1,
          null,
          1,
          1,
          null,
          1,
          null,
          null,
          null,
          null
        ]
      },
      "/mnt/d/SOA/PortfolioAdvisor/app-PortfolioAdvisor/app/application/representers/openstruct_with_links.rb": {
        "lines": [
          null,
          null,
          1,
          1,
          null,
          1,
          1,
          null,
          null,
          null
        ]
      },
      "/mnt/d/SOA/PortfolioAdvisor/app-PortfolioAdvisor/app/application/representers/history_representer.rb": {
        "lines": [
          null,
          null,
          1,
          1,
          null,
          null,
          1,
          1,
          null,
          1,
          1,
          1,
          1,
          null,
          1,
          1,
          null,
          null,
          null
        ]
      },
      "/mnt/d/SOA/PortfolioAdvisor/app-PortfolioAdvisor/app/application/representers/http_response_representer.rb": {
        "lines": [
          null,
          null,
          1,
          1,
          null,
          1,
          1,
          null,
          null,
          null,
          null,
          null,
          1,
          1,
          null,
          1,
          1,
          null,
          1,
          null,
          null,
          null,
          null,
          null,
          null,
          null,
          null,
          null,
          null,
          null,
          null,
          null,
          null,
          1,
          0,
          null,
          null,
          null,
          null
        ]
      },
      "/mnt/d/SOA/PortfolioAdvisor/app-PortfolioAdvisor/app/application/representers/target_representer.rb": {
        "lines": [
          null,
          null,
          1,
          1,
          null,
          1,
          null,
          null,
          1,
          1,
          null,
          1,
          1,
          1,
          1,
          null,
          1,
          1,
          1,
          1,
          null,
          1,
          0,
          null,
          null,
          1,
          0,
          null,
          null,
          null,
          null
        ]
      },
      "/mnt/d/SOA/PortfolioAdvisor/app-PortfolioAdvisor/app/application/representers/targets_representer.rb": {
        "lines": [
          null,
          null,
          1,
          1,
          null,
          1,
          1,
          null,
          1,
          1,
          null,
          1,
          1,
          null,
          1,
          null,
          null,
          null,
          null
        ]
      },
      "/mnt/d/SOA/PortfolioAdvisor/app-PortfolioAdvisor/app/application/services/init.rb": {
        "lines": [
          null,
          null,
          1,
          5,
          null
        ]
      },
      "/mnt/d/SOA/PortfolioAdvisor/app-PortfolioAdvisor/app/application/services/add_target.rb": {
        "lines": [
          null,
          null,
          1,
          null,
          1,
          1,
          null,
          1,
          1,
          null,
          1,
          1,
          1,
          null,
          1,
          null,
          1,
          0,
          0,
          0,
          null,
          0,
          null,
          null,
          null,
          1,
          0,
          null,
          0,
          null,
          0,
          0,
          null,
          null,
          1,
          0,
          null,
          null,
          0,
          null,
          null,
          0,
          0,
          0,
          null,
          null,
          null,
          null
        ]
      },
      "/mnt/d/SOA/PortfolioAdvisor/app-PortfolioAdvisor/app/application/services/list_targets.rb": {
        "lines": [
          null,
          null,
          1,
          null,
          1,
          1,
          null,
          1,
          1,
          null,
          1,
          1,
          null,
          1,
          null,
          1,
          0,
          null,
          null,
          0,
          null,
          null,
          0,
          null,
          null,
          1,
          0,
          null,
          0,
          null,
          0,
          null,
          null,
          null,
          null
        ]
      },
      "/mnt/d/SOA/PortfolioAdvisor/app-PortfolioAdvisor/app/application/services/result_history.rb": {
        "lines": [
          null,
          null,
          1,
          null,
          1,
          1,
          null,
          1,
          1,
          null,
          1,
          1,
          1,
          null,
          1,
          null,
          1,
          0,
          0,
          null,
          0,
          null,
          null,
          null,
          1,
          0,
          null,
          null,
          0,
          null,
          null,
          0,
          0,
          0,
          null,
          null,
          1,
          0,
          null,
          0,
          null,
          0,
          0,
          0,
          null,
          null,
          null,
          null
        ]
      },
      "/mnt/d/SOA/PortfolioAdvisor/app-PortfolioAdvisor/app/application/services/result_target.rb": {
        "lines": [
          null,
          null,
          1,
          null,
          1,
          1,
          null,
          1,
          1,
          null,
          1,
          1,
          1,
          null,
          1,
          null,
          1,
          0,
          0,
          null,
          0,
          null,
          null,
          null,
          1,
          0,
          null,
          0,
          null,
          0,
          null,
          null,
          1,
          0,
          null,
          0,
          null,
          0,
          null,
          null,
          null,
          null
        ]
      },
      "/mnt/d/SOA/PortfolioAdvisor/app-PortfolioAdvisor/app/application/controllers/init.rb": {
        "lines": [
          null,
          null,
          1,
          2,
          null
        ]
      },
      "/mnt/d/SOA/PortfolioAdvisor/app-PortfolioAdvisor/app/application/controllers/app.rb": {
        "lines": [
          null,
          null,
          1,
          1,
          1,
          1,
          null,
          1,
          null,
          1,
          1,
          1,
          1,
          1,
          1,
          1,
          null,
          null,
          1,
          null,
          1,
          0,
          null,
          null,
          null,
          0,
          null,
          0,
          0,
          null,
          0,
          0,
          0,
          null,
          0,
          0,
          null,
          0,
          0,
          null,
          null,
          0,
          null,
          null,
          0,
          0,
          null,
          0,
          0,
          0,
          0,
          0,
          0,
          null,
          null,
          0,
          null,
          0,
          null,
          0,
          null,
          null,
          null,
          0,
          null,
          0,
          0,
          null,
          0,
          null,
          null,
          null,
          null,
          0,
          0,
          0,
          null,
          null,
          0,
          0,
          0,
          null,
          null,
          null,
          null,
          0,
          0,
          null,
          0,
          null,
          0,
          null,
          null,
          null,
          0,
          null,
          0,
          null,
          0,
          0,
          null,
          null,
          null,
          null,
          0,
          0,
          0,
          null,
          null,
          0,
          0,
          0,
          null,
          null,
          null,
          null,
          null,
          null
        ]
      },
      "/mnt/d/SOA/PortfolioAdvisor/app-PortfolioAdvisor/spec/tests/acceptance/pages/history_page.rb": {
        "lines": [
          null,
          null,
          null,
          1,
          1,
          null,
          1,
          null,
          1,
          1,
          null,
          1,
          1,
          null,
          1,
          null,
          null,
          null,
          null,
          null,
          null,
          null,
          1,
          0,
          null,
          null
        ]
      },
      "/mnt/d/SOA/PortfolioAdvisor/app-PortfolioAdvisor/spec/tests/acceptance/pages/home_page.rb": {
        "lines": [
          null,
          null,
          null,
          1,
          1,
          null,
          1,
          null,
          1,
          1,
          null,
          1,
          1,
          1,
          1,
          null,
          1,
          null,
          null,
          null,
          null,
          null,
          null,
          null,
          1,
          4,
          0,
          null,
          null
        ]
      },
      "/mnt/d/SOA/PortfolioAdvisor/app-PortfolioAdvisor/spec/tests/acceptance/home_page_spec.rb": {
        "lines": [
          null,
          null,
          1,
          1,
          null,
          1,
          1,
          1,
          null,
          4,
          4,
          4,
          null,
          null,
          1,
          4,
          null,
          null,
          1,
          1,
          null,
          null,
          1,
          null,
          1,
          0,
          0,
          0,
          null,
          0,
          0,
          null,
          null,
          1,
          null,
          1,
          null,
          null,
          0,
          null,
          null,
          0,
          null,
          0,
          null,
          null,
          null,
          null,
          1,
          1,
          null,
          1,
          null,
          1,
          1,
          null,
          0,
          null,
          null,
          1,
          null,
          1,
          null,
          1,
          1,
          null,
          null,
          0,
          null,
          null,
          null,
          null
        ]
      },
      "/mnt/d/SOA/PortfolioAdvisor/app-PortfolioAdvisor/spec/tests/acceptance/target_page_spec.rb": {
        "lines": [
          null,
          null,
          1,
          1,
          1,
          null,
          1,
          1,
          1,
          null,
          1,
          1,
          1,
          null,
          null,
          1,
          1,
          null,
          null,
          1,
          null,
          1,
          1,
          1,
          null,
          null,
          null,
          0,
          null,
          0,
          0,
          null,
          0,
          null,
          null,
          null
        ]
      },
      "/mnt/d/SOA/PortfolioAdvisor/app-PortfolioAdvisor/spec/tests/acceptance/pages/target_page.rb": {
        "lines": [
          null,
          null,
          null,
          1,
          1,
          null,
          1,
          null,
          1,
          1,
          null,
          1,
          1,
          null,
          1,
          null,
          null,
          null,
          null,
          null,
          null,
          null,
          1,
          0,
          null,
          null
        ]
      }
    },
    "timestamp": 1639824213
  }
}
